[2026-04-29 10:44:22] ========== ArcFace 系统启动 ==========
[2026-04-29 10:44:24] 正在启动 API 后端...
[2026-04-29 10:44:24] API 后端进程已启动，PID=27740
[2026-04-29 10:44:24] 后端日志: D:\desktop_D\arcface\api_logs\backend.log
[2026-04-29 10:44:32] API 后端启动成功。
[2026-04-29 10:44:32] 正在启动 Qt GUI...
[2026-04-29 10:46:59] ========== ArcFace 系统启动 ==========
[2026-04-29 10:46:59] 检测到已有 API 后端正在运行，直接复用。
[2026-04-29 10:46:59] 正在启动 Qt GUI...
[2026-04-29 10:47:21] API 后端不是由本启动器创建的，不自动关闭。
[2026-04-29 10:47:21] ========== ArcFace 系统退出 ==========
[2026-04-29 10:52:58] ========== ArcFace 系统启动 ==========
[2026-04-29 10:52:58] 检测到已有 API 后端正在运行，直接复用。
[2026-04-29 10:52:58] 正在启动 Qt GUI...
[2026-04-29 10:53:56] API 后端不是由本启动器创建的，不自动关闭。
[2026-04-29 10:53:56] ========== ArcFace 系统退出 ==========
[2026-04-29 10:55:03] ========== ArcFace 系统启动 ==========
[2026-04-29 10:55:03] 检测到已有 API 后端正在运行，直接复用。
[2026-04-29 10:55:03] 正在启动 Qt GUI...
[2026-04-29 10:55:29] API 后端不是由本启动器创建的，不自动关闭。
[2026-04-29 10:55:29] ========== ArcFace 系统退出 ==========
[2026-04-29 10:56:44] ========== ArcFace 系统启动 ==========
[2026-04-29 10:56:44] 检测到已有 API 后端正在运行，直接复用。
[2026-04-29 10:56:44] 正在启动 Qt GUI...
[2026-04-29 10:57:49] API 后端不是由本启动器创建的，不自动关闭。
[2026-04-29 10:57:49] ========== ArcFace 系统退出 ==========
[2026-04-29 10:58:01] ========== ArcFace 系统启动 ==========
[2026-04-29 10:58:01] 检测到已有 API 后端正在运行，直接复用。
[2026-04-29 10:58:01] 正在启动 Qt GUI...
[2026-04-29 10:58:30] API 后端不是由本启动器创建的，不自动关闭。
[2026-04-29 10:58:30] ========== ArcFace 系统退出 ==========
[2026-04-29 11:01:27] ========== ArcFace 系统启动 ==========
[2026-04-29 11:01:29] 正在启动 API 后端...
[2026-04-29 11:01:29] API 后端进程已启动，PID=11896
[2026-04-29 11:01:29] 后端日志: D:\desktop_D\arcface\api_logs\backend.log
[2026-04-29 11:01:37] ========== ArcFace 系统启动 ==========
[2026-04-29 11:01:39] 正在启动 API 后端...
[2026-04-29 11:01:39] API 后端进程已启动，PID=27948
[2026-04-29 11:01:39] 后端日志: D:\desktop_D\arcface\api_logs\backend.log
[2026-04-29 11:02:06] API 后端启动成功。
[2026-04-29 11:02:06] 正在启动 Qt GUI...
[2026-04-29 11:02:22] ========== ArcFace 系统启动 ==========
[2026-04-29 11:02:22] 检测到已有 API 后端正在运行，直接复用。
[2026-04-29 11:02:22] 正在启动 Qt GUI...
[2026-04-29 11:02:48] API 后端不是由本启动器创建的，不自动关闭。
[2026-04-29 11:02:48] ========== ArcFace 系统退出 ==========
[2026-04-29 11:09:15] ========== ArcFace 系统启动 ==========
[2026-04-29 11:09:15] 正在启动 API 后端...
[2026-04-29 11:09:15] API 后端进程已启动，PID=28216
[2026-04-29 11:09:15] 后端日志文件: D:\desktop_D\arcface\api_logs\backend.log
[2026-04-29 11:09:21] API 后端启动成功。
[2026-04-29 11:09:21] 正在启动 Qt GUI...
[2026-04-29 11:09:30] 正在关闭本程序启动的 API 后端进程树，PID=28216
[2026-04-29 11:09:30] 已关闭本程序启动的 API 后端进程树，PID=28216
[2026-04-29 11:09:30] ========== ArcFace 系统退出 ==========
[2026-04-29 11:10:29] ========== ArcFace 系统启动 ==========
[2026-04-29 11:10:29] 正在启动 API 后端...
[2026-04-29 11:10:29] API 后端进程已启动，PID=20284
[2026-04-29 11:10:29] 后端日志文件: D:\desktop_D\arcface\api_logs\backend.log
[2026-04-29 11:10:35] API 后端启动成功。
[2026-04-29 11:10:35] 正在启动 Qt GUI...
[2026-04-29 11:10:43] 正在关闭本程序启动的 API 后端进程树，PID=20284
[2026-04-29 11:10:43] 已关闭本程序启动的 API 后端进程树，PID=20284
[2026-04-29 11:10:43] ========== ArcFace 系统退出 ==========
[2026-04-29 11:14:25] ========== ArcFace 系统启动 ==========
[2026-04-29 11:14:25] 正在启动 API 后端...
[2026-04-29 11:14:25] API 后端进程已启动，PID=14404
[2026-04-29 11:14:25] 后端日志文件: D:\desktop_D\arcface\api_logs\backend.log
[2026-04-29 11:14:38] API 后端启动成功。
[2026-04-29 11:14:38] 正在启动 Qt GUI...
[2026-04-29 11:14:50] 正在关闭本程序启动的 API 后端进程树，PID=14404
[2026-04-29 11:14:51] 已关闭本程序启动的 API 后端进程树，PID=14404
[2026-04-29 11:14:51] ========== ArcFace 系统退出 ==========
[2026-04-29 11:52:30] ========== ArcFace 系统启动 ==========
[2026-04-29 11:52:30] 正在启动 API 后端...
[2026-04-29 11:52:30] API 后端进程已启动，PID=26532
[2026-04-29 11:52:30] 后端日志文件: D:\desktop_D\arcface\api_logs\backend.log
[2026-04-29 11:52:39] API 后端启动成功。
[2026-04-29 11:52:39] 正在启动 Qt GUI...
[2026-04-29 12:01:54] 正在关闭本程序启动的 API 后端进程树，PID=26532
[2026-04-29 12:01:55] 已关闭本程序启动的 API 后端进程树，PID=26532
[2026-04-29 12:01:55] ========== ArcFace 系统退出 ==========
[2026-04-29 12:38:07] ========== ArcFace 系统启动 ==========
[2026-04-29 12:38:07] 正在启动 API 后端...
[2026-04-29 12:38:07] API 后端进程已启动，PID=32988
[2026-04-29 12:38:07] 后端日志文件: D:\desktop_D\arcface\api_logs\backend.log
[2026-04-29 12:38:13] API 后端启动成功。
[2026-04-29 12:38:13] 正在启动 Qt GUI...
[2026-04-29 12:38:30] 正在关闭本程序启动的 API 后端进程树，PID=32988
[2026-04-29 12:38:31] 已关闭本程序启动的 API 后端进程树，PID=32988
[2026-04-29 12:38:31] ========== ArcFace 系统退出 ==========
[2026-04-29 12:39:05] ========== ArcFace 系统启动 ==========
[2026-04-29 12:39:05] 正在启动 API 后端...
[2026-04-29 12:39:05] API 后端进程已启动，PID=14004
[2026-04-29 12:39:05] 后端日志文件: D:\desktop_D\arcface\api_logs\backend.log
[2026-04-29 12:39:11] API 后端启动成功。
[2026-04-29 12:39:11] 正在启动 Qt GUI...
[2026-04-29 12:39:40] 正在关闭本程序启动的 API 后端进程树，PID=14004
[2026-04-29 12:39:40] 已关闭本程序启动的 API 后端进程树，PID=14004
[2026-04-29 12:39:40] ========== ArcFace 系统退出 ==========
[2026-04-29 12:39:52] ========== ArcFace 系统启动 ==========
[2026-04-29 12:39:52] 正在启动 API 后端...
[2026-04-29 12:39:52] API 后端进程已启动，PID=22216
[2026-04-29 12:39:52] 后端日志文件: D:\desktop_D\arcface\api_logs\backend.log
[2026-04-29 12:39:58] API 后端启动成功。
[2026-04-29 12:39:58] 正在启动 Qt GUI...
[2026-04-29 12:40:11] 正在关闭本程序启动的 API 后端进程树，PID=22216
[2026-04-29 12:40:12] 已关闭本程序启动的 API 后端进程树，PID=22216
[2026-04-29 12:40:12] ========== ArcFace 系统退出 ==========
[2026-04-29 12:45:20] ========== ArcFace 系统启动 ==========
[2026-04-29 12:45:20] 正在启动 API 后端...
[2026-04-29 12:45:20] API 后端进程已启动，PID=33156
[2026-04-29 12:45:20] 后端日志文件: D:\desktop_D\arcface\api_logs\backend.log
[2026-04-29 12:45:26] API 后端启动成功。
[2026-04-29 12:45:26] 正在启动 Qt GUI...
[2026-04-29 12:45:39] 正在关闭本程序启动的 API 后端进程树，PID=33156
[2026-04-29 12:45:40] 已关闭本程序启动的 API 后端进程树，PID=33156
[2026-04-29 12:45:40] ========== ArcFace 系统退出 ==========
[2026-04-29 12:51:36] ========== ArcFace 系统启动 ==========
[2026-04-29 12:51:36] 正在启动 API 后端...
[2026-04-29 12:51:36] API 后端进程已启动，PID=26316
[2026-04-29 12:51:36] 后端日志文件: D:\desktop_D\arcface\api_logs\backend.log
[2026-04-29 12:51:42] API 后端启动成功。
[2026-04-29 12:51:42] 正在启动 Qt GUI...
[2026-04-29 12:52:54] 正在关闭本程序启动的 API 后端进程树，PID=26316
[2026-04-29 12:52:55] 已关闭本程序启动的 API 后端进程树，PID=26316
[2026-04-29 12:52:55] ========== ArcFace 系统退出 ==========
[2026-04-29 12:53:18] ========== ArcFace 系统启动 ==========
[2026-04-29 12:53:18] 正在启动 API 后端...
[2026-04-29 12:53:18] API 后端进程已启动，PID=23232
[2026-04-29 12:53:18] 后端日志文件: D:\desktop_D\arcface\api_logs\backend.log
[2026-04-29 12:53:25] API 后端启动成功。
[2026-04-29 12:53:25] 正在启动 Qt GUI...
[2026-04-29 12:53:56] 正在关闭本程序启动的 API 后端进程树，PID=23232
[2026-04-29 12:53:57] 已关闭本程序启动的 API 后端进程树，PID=23232
[2026-04-29 12:53:57] ========== ArcFace 系统退出 ==========
[2026-04-29 13:34:44] ========== ArcFace 系统启动 ==========
[2026-04-29 13:34:44] 正在启动 API 后端...
[2026-04-29 13:34:44] API 后端进程已启动，PID=14160
[2026-04-29 13:34:44] 后端日志文件: D:\desktop_D\arcface\api_logs\backend.log
[2026-04-29 13:34:48] API 后端启动成功。
[2026-04-29 13:34:48] 正在启动 Qt GUI...
[2026-04-29 13:35:13] 正在关闭本程序启动的 API 后端进程树，PID=14160
[2026-04-29 13:35:14] 已关闭本程序启动的 API 后端进程树，PID=14160
[2026-04-29 13:35:14] ========== ArcFace 系统退出 ==========
[2026-04-29 15:10:10] ========== ArcFace 系统启动 ==========
[2026-04-29 15:10:10] 正在启动 API 后端...
[2026-04-29 15:10:10] API 后端进程已启动，PID=11908
[2026-04-29 15:10:10] 后端日志文件: D:\desktop_D\arcface\api_logs\backend.log
[2026-04-29 15:10:48] API 后端启动成功。
[2026-04-29 15:10:48] 正在启动 Qt GUI...
[2026-04-29 15:18:57] 正在关闭本程序启动的 API 后端进程树，PID=11908
[2026-04-29 15:18:57] 已关闭本程序启动的 API 后端进程树，PID=11908
[2026-04-29 15:18:57] ========== ArcFace 系统退出 ==========
[2026-04-29 15:30:10] ========== ArcFace 系统启动 ==========
[2026-04-29 15:30:10] 正在启动 API 后端...
[2026-04-29 15:30:10] API 后端进程已启动，PID=15076
[2026-04-29 15:30:10] 后端日志文件: D:\desktop_D\arcface\api_logs\backend.log
[2026-04-29 15:30:44] API 后端启动成功。
[2026-04-29 15:30:44] 正在启动 Qt GUI...
[2026-04-29 15:40:56] 正在关闭本程序启动的 API 后端进程树，PID=15076
[2026-04-29 15:40:56] 已关闭本程序启动的 API 后端进程树，PID=15076
[2026-04-29 15:40:56] ========== ArcFace 系统退出 ==========
[2026-04-29 15:41:09] ========== ArcFace 系统启动 ==========
[2026-04-29 15:41:09] 正在启动 API 后端...
[2026-04-29 15:41:09] API 后端进程已启动，PID=2720
[2026-04-29 15:41:09] 后端日志文件: D:\desktop_D\arcface\api_logs\backend.log
[2026-04-29 15:41:12] API 后端启动成功。
[2026-04-29 15:41:12] 正在启动 Qt GUI...
[2026-04-29 15:41:31] 正在关闭本程序启动的 API 后端进程树，PID=2720
[2026-04-29 15:41:31] 已关闭本程序启动的 API 后端进程树，PID=2720
[2026-04-29 15:41:31] ========== ArcFace 系统退出 ==========
[2026-04-29 15:42:42] ========== ArcFace 系统启动 ==========
[2026-04-29 15:42:42] 正在启动 API 后端...
[2026-04-29 15:42:42] API 后端进程已启动，PID=8944
[2026-04-29 15:42:42] 后端日志文件: D:\desktop_D\arcface\api_logs\backend.log
[2026-04-29 15:42:45] API 后端启动成功。
[2026-04-29 15:42:45] 正在启动 Qt GUI...
[2026-04-29 15:54:38] 正在关闭本程序启动的 API 后端进程树，PID=8944
[2026-04-29 15:54:39] 已关闭本程序启动的 API 后端进程树，PID=8944
[2026-04-29 15:54:39] ========== ArcFace 系统退出 ==========
[2026-04-29 15:54:49] ========== ArcFace 系统启动 ==========
[2026-04-29 15:54:49] 正在启动 API 后端...
[2026-04-29 15:54:49] API 后端进程已启动，PID=23564
[2026-04-29 15:54:49] 后端日志文件: D:\desktop_D\arcface\api_logs\backend.log
[2026-04-29 15:54:52] API 后端启动成功。
[2026-04-29 15:54:52] 正在启动 Qt GUI...
[2026-04-29 15:55:17] 正在关闭本程序启动的 API 后端进程树，PID=23564
[2026-04-29 15:55:17] 已关闭本程序启动的 API 后端进程树，PID=23564
[2026-04-29 15:55:17] ========== ArcFace 系统退出 ==========
[2026-04-29 16:00:37] ========== ArcFace 系统启动 ==========
[2026-04-29 16:00:37] 正在启动 API 后端...
[2026-04-29 16:00:37] API 后端进程已启动，PID=20312
[2026-04-29 16:00:37] 后端日志文件: D:\desktop_D\arcface\api_logs\backend.log
[2026-04-29 16:00:40] API 后端启动成功。
[2026-04-29 16:00:40] 正在启动 Qt GUI...
[2026-04-29 16:51:30] 正在关闭本程序启动的 API 后端进程树，PID=20312
[2026-04-29 16:51:30] 已关闭本程序启动的 API 后端进程树，PID=20312
[2026-04-29 16:51:30] ========== ArcFace 系统退出 ==========
[2026-04-29 16:56:46] ========== ArcFace 系统启动 ==========
[2026-04-29 16:56:46] 正在启动 API 后端...
[2026-04-29 16:56:46] API 后端进程已启动，PID=32032
[2026-04-29 16:56:46] 后端日志文件: D:\desktop_D\arcface\api_logs\backend.log
[2026-04-29 16:56:49] API 后端启动成功。
[2026-04-29 16:56:49] 正在启动 Qt GUI...
[2026-04-29 17:40:58] 正在关闭本程序启动的 API 后端进程树，PID=32032
[2026-04-29 17:40:58] 已关闭本程序启动的 API 后端进程树，PID=32032
[2026-04-29 17:40:58] ========== ArcFace 系统退出 ==========
[2026-04-29 17:41:05] ========== ArcFace 系统启动 ==========
[2026-04-29 17:41:05] 正在启动 API 后端...
[2026-04-29 17:41:05] API 后端进程已启动，PID=1920
[2026-04-29 17:41:05] 后端日志文件: D:\desktop_D\arcface\api_logs\backend.log
[2026-04-29 17:41:08] API 后端启动成功。
[2026-04-29 17:41:08] 正在启动 Qt GUI...
[2026-04-29 17:42:46] 正在关闭本程序启动的 API 后端进程树，PID=1920
[2026-04-29 17:42:47] 已关闭本程序启动的 API 后端进程树，PID=1920
[2026-04-29 17:42:47] ========== ArcFace 系统退出 ==========
[2026-04-29 17:47:03] ========== ArcFace 系统启动 ==========
[2026-04-29 17:47:03] 正在启动 API 后端...
[2026-04-29 17:47:03] API 后端进程已启动，PID=26156
[2026-04-29 17:47:03] 后端日志文件: D:\desktop_D\arcface\api_logs\backend.log
[2026-04-29 17:47:06] API 后端启动成功。
[2026-04-29 17:47:06] 正在启动 Qt GUI...
[2026-04-29 17:54:32] 正在关闭本程序启动的 API 后端进程树，PID=26156
[2026-04-29 17:54:33] 已关闭本程序启动的 API 后端进程树，PID=26156
[2026-04-29 17:54:33] ========== ArcFace 系统退出 ==========
[2026-04-29 17:55:17] ========== ArcFace 系统启动 ==========
[2026-04-29 17:55:17] 正在启动 API 后端...
[2026-04-29 17:55:17] API 后端进程已启动，PID=26036
[2026-04-29 17:55:17] 后端日志文件: D:\desktop_D\arcface\api_logs\backend.log
[2026-04-29 17:55:20] API 后端启动成功。
[2026-04-29 17:55:20] 正在启动 Qt GUI...
[2026-04-29 17:57:24] 正在关闭本程序启动的 API 后端进程树，PID=26036
[2026-04-29 17:57:24] 已关闭本程序启动的 API 后端进程树，PID=26036
[2026-04-29 17:57:24] ========== ArcFace 系统退出 ==========
[2026-04-29 17:57:42] ========== ArcFace 系统启动 ==========
[2026-04-29 17:57:42] 正在启动 API 后端...
[2026-04-29 17:57:42] API 后端进程已启动，PID=9628
[2026-04-29 17:57:42] 后端日志文件: D:\desktop_D\arcface\api_logs\backend.log
[2026-04-29 17:57:45] API 后端启动成功。
[2026-04-29 17:57:45] 正在启动 Qt GUI...
[2026-04-29 18:30:15] 正在关闭本程序启动的 API 后端进程树，PID=9628
[2026-04-29 18:30:15] 已关闭本程序启动的 API 后端进程树，PID=9628
[2026-04-29 18:30:15] ========== ArcFace 系统退出 ==========
[2026-04-29 18:30:34] ========== ArcFace 系统启动 ==========
[2026-04-29 18:30:34] 正在启动 API 后端...
[2026-04-29 18:30:34] API 后端进程已启动，PID=27280
[2026-04-29 18:30:34] 后端日志文件: D:\desktop_D\arcface\api_logs\backend.log
[2026-04-29 18:30:37] API 后端启动成功。
[2026-04-29 18:30:37] 正在启动 Qt GUI...
[2026-04-29 18:52:45] 正在关闭本程序启动的 API 后端进程树，PID=27280
[2026-04-29 18:52:45] 已关闭本程序启动的 API 后端进程树，PID=27280
[2026-04-29 18:52:45] ========== ArcFace 系统退出 ==========
[2026-05-12 14:12:42] ========== ArcFace 系统启动 ==========
[2026-05-12 14:12:42] 正在启动 API 后端...
[2026-05-12 14:12:42] API 后端进程已启动，PID=19984
[2026-05-12 14:12:42] 后端日志文件: D:\desktop_D\arcface\api_logs\backend.log
[2026-05-12 14:12:54] API 后端启动成功。
[2026-05-12 14:12:54] 正在启动 Qt GUI...
[2026-05-12 14:13:23] 正在关闭本程序启动的 API 后端进程树，PID=19984
[2026-05-12 14:13:23] 已关闭本程序启动的 API 后端进程树，PID=19984
[2026-05-12 14:13:23] ========== ArcFace 系统退出 ==========
[2026-05-12 14:40:09] ========== ArcFace 系统启动 ==========
[2026-05-12 14:40:09] 正在启动 API 后端...
[2026-05-12 14:40:09] API 后端进程已启动，PID=13428
[2026-05-12 14:40:09] 后端日志文件: D:\desktop_D\arcface\api_logs\backend.log
[2026-05-12 14:40:13] API 后端启动成功。
[2026-05-12 14:40:13] 正在启动 Qt GUI...
[2026-05-12 14:43:20] 正在关闭本程序启动的 API 后端进程树，PID=13428
[2026-05-12 14:43:20] 已关闭本程序启动的 API 后端进程树，PID=13428
[2026-05-12 14:43:20] ========== ArcFace 系统退出 ==========
[2026-05-12 14:51:22] ========== ArcFace 系统启动 ==========
[2026-05-12 14:51:22] 正在启动 API 后端...
[2026-05-12 14:51:22] API 后端进程已启动，PID=31520
[2026-05-12 14:51:22] 后端日志文件: D:\desktop_D\arcface\api_logs\backend.log
[2026-05-12 14:51:25] API 后端启动成功。
[2026-05-12 14:51:25] 正在启动 Qt GUI...
[2026-05-12 14:54:53] 正在关闭本程序启动的 API 后端进程树，PID=31520
[2026-05-12 14:54:53] 已关闭本程序启动的 API 后端进程树，PID=31520
[2026-05-12 14:54:53] ========== ArcFace 系统退出 ==========
[2026-05-12 15:03:05] ========== ArcFace 系统启动 ==========
[2026-05-12 15:03:05] 正在启动 API 后端...
[2026-05-12 15:03:05] API 后端进程已启动，PID=4544
[2026-05-12 15:03:05] 后端日志文件: D:\desktop_D\arcface\api_logs\backend.log
[2026-05-12 15:03:08] API 后端启动成功。
[2026-05-12 15:03:08] 正在启动 Qt GUI...
[2026-05-12 15:03:56] 正在关闭本程序启动的 API 后端进程树，PID=4544
[2026-05-12 15:03:56] 已关闭本程序启动的 API 后端进程树，PID=4544
[2026-05-12 15:03:56] ========== ArcFace 系统退出 ==========
[2026-05-12 15:04:47] ========== ArcFace 系统启动 ==========
[2026-05-12 15:04:47] 正在启动 API 后端...
[2026-05-12 15:04:47] API 后端进程已启动，PID=29756
[2026-05-12 15:04:47] 后端日志文件: D:\desktop_D\arcface\api_logs\backend.log
[2026-05-12 15:04:50] API 后端启动成功。
[2026-05-12 15:04:50] 正在启动 Qt GUI...
[2026-05-12 15:07:57] 正在关闭本程序启动的 API 后端进程树，PID=29756
[2026-05-12 15:07:57] 已关闭本程序启动的 API 后端进程树，PID=29756
[2026-05-12 15:07:57] ========== ArcFace 系统退出 ==========
[2026-05-12 15:10:10] ========== ArcFace 系统启动 ==========
[2026-05-12 15:10:10] 正在启动 API 后端...
[2026-05-12 15:10:10] API 后端进程已启动，PID=26484
[2026-05-12 15:10:10] 后端日志文件: D:\desktop_D\arcface\api_logs\backend.log
[2026-05-12 15:10:13] API 后端启动成功。
[2026-05-12 15:10:13] 正在启动 Qt GUI...
[2026-05-12 15:12:16] 正在关闭本程序启动的 API 后端进程树，PID=26484
[2026-05-12 15:12:16] 已关闭本程序启动的 API 后端进程树，PID=26484
[2026-05-12 15:12:16] ========== ArcFace 系统退出 ==========
[2026-05-12 15:12:34] ========== ArcFace 系统启动 ==========
[2026-05-12 15:12:34] 正在启动 API 后端...
[2026-05-12 15:12:34] API 后端进程已启动，PID=13720
[2026-05-12 15:12:34] 后端日志文件: D:\desktop_D\arcface\api_logs\backend.log
[2026-05-12 15:12:38] API 后端启动成功。
[2026-05-12 15:12:38] 正在启动 Qt GUI...
[2026-05-12 15:13:24] 正在关闭本程序启动的 API 后端进程树，PID=13720
[2026-05-12 15:13:24] 已关闭本程序启动的 API 后端进程树，PID=13720
[2026-05-12 15:13:24] ========== ArcFace 系统退出 ==========
[2026-05-12 15:21:14] ========== ArcFace 系统启动 ==========
[2026-05-12 15:21:14] 正在启动 API 后端...
[2026-05-12 15:21:14] API 后端进程已启动，PID=23508
[2026-05-12 15:21:14] 后端日志文件: D:\desktop_D\arcface\api_logs\backend.log
[2026-05-12 15:21:17] API 后端启动成功。
[2026-05-12 15:21:17] 正在启动 Qt GUI...
[2026-05-12 15:24:15] ========== ArcFace 系统启动 ==========
[2026-05-12 15:24:15] 检测到 http://127.0.0.1:8000 已经有本项目 API 服务在运行。

为避免误关闭其它进程，本程序不会复用或关闭该服务。

请先手动关闭已有的 API 服务，然后重新启动本程序。
[2026-05-12 15:24:20] 没有由本启动器创建的 API 进程，不执行关闭操作。
[2026-05-12 15:24:20] ========== ArcFace 系统退出 ==========
[2026-05-12 15:24:23] ========== ArcFace 系统启动 ==========
[2026-05-12 15:24:23] 检测到 http://127.0.0.1:8000 已经有本项目 API 服务在运行。

为避免误关闭其它进程，本程序不会复用或关闭该服务。

请先手动关闭已有的 API 服务，然后重新启动本程序。
[2026-05-12 15:24:32] 没有由本启动器创建的 API 进程，不执行关闭操作。
[2026-05-12 15:24:32] ========== ArcFace 系统退出 ==========
[2026-05-12 15:25:21] ========== ArcFace 系统启动 ==========
[2026-05-12 15:25:21] 正在启动 API 后端...
[2026-05-12 15:25:21] API 后端进程已启动，PID=11152
[2026-05-12 15:25:21] 后端日志文件: D:\desktop_D\arcface\api_logs\backend.log
[2026-05-12 15:25:24] API 后端启动成功。
[2026-05-12 15:25:24] 正在启动 Qt GUI...
[2026-05-12 15:25:55] 正在关闭本程序启动的 API 后端进程树，PID=11152
[2026-05-12 15:25:55] 已关闭本程序启动的 API 后端进程树，PID=11152
[2026-05-12 15:25:55] ========== ArcFace 系统退出 ==========
[2026-05-12 15:25:57] ========== ArcFace 系统启动 ==========
[2026-05-12 15:25:57] 正在启动 API 后端...
[2026-05-12 15:25:57] API 后端进程已启动，PID=31948
[2026-05-12 15:25:57] 后端日志文件: D:\desktop_D\arcface\api_logs\backend.log
[2026-05-12 15:26:00] API 后端启动成功。
[2026-05-12 15:26:00] 正在启动 Qt GUI...
[2026-05-12 15:26:38] 正在关闭本程序启动的 API 后端进程树，PID=31948
[2026-05-12 15:26:38] 已关闭本程序启动的 API 后端进程树，PID=31948
[2026-05-12 15:26:38] ========== ArcFace 系统退出 ==========
[2026-05-12 15:26:39] ========== ArcFace 系统启动 ==========
[2026-05-12 15:26:39] 正在启动 API 后端...
[2026-05-12 15:26:39] API 后端进程已启动，PID=10740
[2026-05-12 15:26:39] 后端日志文件: D:\desktop_D\arcface\api_logs\backend.log
[2026-05-12 15:26:42] API 后端启动成功。
[2026-05-12 15:26:42] 正在启动 Qt GUI...
[2026-05-12 15:28:28] 正在关闭本程序启动的 API 后端进程树，PID=10740
[2026-05-12 15:28:28] 已关闭本程序启动的 API 后端进程树，PID=10740
[2026-05-12 15:28:28] ========== ArcFace 系统退出 ==========
[2026-05-12 15:29:08] ========== ArcFace 系统启动 ==========
[2026-05-12 15:29:08] 正在启动 API 后端...
[2026-05-12 15:29:08] API 后端进程已启动，PID=24868
[2026-05-12 15:29:08] 后端日志文件: D:\desktop_D\arcface\api_logs\backend.log
[2026-05-12 15:29:11] API 后端启动成功。
[2026-05-12 15:29:11] 正在启动 Qt GUI...
[2026-05-12 15:30:01] 正在关闭本程序启动的 API 后端进程树，PID=24868
[2026-05-12 15:30:02] 已关闭本程序启动的 API 后端进程树，PID=24868
[2026-05-12 15:30:02] ========== ArcFace 系统退出 ==========
[2026-05-12 15:32:26] ========== ArcFace 系统启动 ==========
[2026-05-12 15:32:26] 正在启动 API 后端...
[2026-05-12 15:32:26] API 后端进程已启动，PID=24176
[2026-05-12 15:32:26] 后端日志文件: D:\desktop_D\arcface\api_logs\backend.log
[2026-05-12 15:32:29] API 后端启动成功。
[2026-05-12 15:32:29] 正在启动 Qt GUI...
[2026-05-12 15:37:00] 正在关闭本程序启动的 API 后端进程树，PID=24176
[2026-05-12 15:37:00] 已关闭本程序启动的 API 后端进程树，PID=24176
[2026-05-12 15:37:00] ========== ArcFace 系统退出 ==========
[2026-05-12 15:37:40] ========== ArcFace 系统启动 ==========
[2026-05-12 15:37:40] 正在启动 API 后端...
[2026-05-12 15:37:40] API 后端进程已启动，PID=8540
[2026-05-12 15:37:40] 后端日志文件：D:\desktop_D\arcface\api_logs\backend.log
[2026-05-12 15:37:43] API 后端启动成功。
[2026-05-12 15:37:43] 正在启动 Qt GUI...
[2026-05-12 15:40:57] 正在关闭 API 后端进程，PID=8540
[2026-05-12 15:40:57] API 后端进程已关闭。
[2026-05-12 15:40:57] ========== ArcFace 系统退出 ==========
[2026-05-12 15:41:17] ========== ArcFace 系统启动 ==========
[2026-05-12 15:41:17] 正在启动 API 后端...
[2026-05-12 15:41:17] API 后端进程已启动，PID=13880
[2026-05-12 15:41:17] 后端日志文件：D:\desktop_D\arcface\api_logs\backend.log
[2026-05-12 15:41:20] API 后端启动成功。
[2026-05-12 15:41:20] 正在启动 Qt GUI...
[2026-05-12 15:41:44] 正在关闭 API 后端进程，PID=13880
[2026-05-12 15:41:44] API 后端进程已关闭。
[2026-05-12 15:41:44] ========== ArcFace 系统退出 ==========
[2026-05-12 15:43:41] ========== ArcFace 系统启动 ==========
[2026-05-12 15:43:41] 正在启动 API 后端...
[2026-05-12 15:43:41] API 后端进程已启动，PID=27320
[2026-05-12 15:43:41] 后端日志文件：D:\desktop_D\arcface\api_logs\backend.log
[2026-05-12 15:43:45] API 后端启动成功。
[2026-05-12 15:43:45] 正在启动 Qt GUI...
[2026-05-12 15:47:07] 正在关闭 API 后端进程，PID=27320
[2026-05-12 15:47:07] API 后端进程已关闭。
[2026-05-12 15:47:07] ========== ArcFace 系统退出 ==========
[2026-05-12 15:47:40] ========== ArcFace 系统启动 ==========
[2026-05-12 15:47:40] 正在启动 API 后端...
[2026-05-12 15:47:40] API 后端进程已启动，PID=10524
[2026-05-12 15:47:40] 后端日志文件：D:\desktop_D\arcface\api_logs\backend.log
[2026-05-12 15:47:43] API 后端启动成功。
[2026-05-12 15:47:43] 正在启动 Qt GUI...
[2026-05-12 15:53:12] 正在关闭 API 后端进程，PID=10524
[2026-05-12 15:53:12] API 后端进程已关闭。
[2026-05-12 15:53:12] ========== ArcFace 系统退出 ==========
[2026-05-12 15:54:27] ========== ArcFace 系统启动 ==========
[2026-05-12 15:54:27] 正在启动 API 后端...
[2026-05-12 15:54:27] API 后端进程已启动，PID=31584
[2026-05-12 15:54:27] 后端日志文件：D:\desktop_D\arcface\api_logs\backend.log
[2026-05-12 15:54:30] API 后端启动成功。
[2026-05-12 15:54:30] 正在启动 Qt GUI...
[2026-05-12 15:56:37] 正在关闭 API 后端进程，PID=31584
[2026-05-12 15:56:37] API 后端进程已关闭。
[2026-05-12 15:56:37] ========== ArcFace 系统退出 ==========
[2026-05-12 16:01:49] ========== ArcFace 系统启动 ==========
[2026-05-12 16:01:49] 正在启动 API 后端...
[2026-05-12 16:01:49] API 后端进程已启动，PID=18628
[2026-05-12 16:01:49] 后端日志文件：D:\desktop_D\arcface\api_logs\backend.log
[2026-05-12 16:01:52] API 后端启动成功。
[2026-05-12 16:01:52] 正在启动 Qt GUI...
[2026-05-12 16:09:12] 正在关闭 API 后端进程，PID=18628
[2026-05-12 16:09:12] API 后端进程已关闭。
[2026-05-12 16:09:12] ========== ArcFace 系统退出 ==========
[2026-05-12 16:10:50] ========== ArcFace 系统启动 ==========
[2026-05-12 16:10:50] 正在启动 API 后端...
[2026-05-12 16:10:50] API 后端进程已启动，PID=23312
[2026-05-12 16:10:50] 后端日志文件：D:\desktop_D\arcface\api_logs\backend.log
[2026-05-12 16:10:53] API 后端启动成功。
[2026-05-12 16:10:53] 正在启动 Qt GUI...
[2026-05-12 16:19:36] 正在关闭 API 后端进程，PID=23312
[2026-05-12 16:19:36] API 后端进程已关闭。
[2026-05-12 16:19:36] ========== ArcFace 系统退出 ==========
[2026-05-12 16:20:03] ========== ArcFace 系统启动 ==========
[2026-05-12 16:20:03] 正在启动 API 后端...
[2026-05-12 16:20:03] API 后端进程已启动，PID=20908
[2026-05-12 16:20:03] 后端日志文件：D:\desktop_D\arcface\api_logs\backend.log
[2026-05-12 16:20:13] API 后端启动成功。
[2026-05-12 16:20:13] 正在启动 Qt GUI...
[2026-05-12 16:22:20] 正在关闭 API 后端进程，PID=20908
[2026-05-12 16:22:20] API 后端进程已关闭。
[2026-05-12 16:22:20] ========== ArcFace 系统退出 ==========
[2026-05-12 16:22:24] ========== ArcFace 系统启动 ==========
[2026-05-12 16:22:24] 正在启动 API 后端...
[2026-05-12 16:22:24] API 后端进程已启动，PID=32420
[2026-05-12 16:22:24] 后端日志文件：D:\desktop_D\arcface\api_logs\backend.log
[2026-05-12 16:22:28] API 后端启动成功。
[2026-05-12 16:22:28] 正在启动 Qt GUI...
[2026-05-12 16:24:14] 正在关闭 API 后端进程，PID=32420
[2026-05-12 16:24:15] API 后端进程已关闭。
[2026-05-12 16:24:15] ========== ArcFace 系统退出 ==========
[2026-05-12 16:33:13] ========== ArcFace 系统启动 ==========
[2026-05-12 16:33:13] 正在启动 API 后端...
[2026-05-12 16:33:13] API 后端进程已启动，PID=28856
[2026-05-12 16:33:13] 后端日志文件：D:\desktop_D\arcface\api_logs\backend.log
[2026-05-12 16:33:16] API 后端启动成功。
[2026-05-12 16:33:16] 正在启动 Qt GUI...
[2026-05-12 16:36:39] 正在关闭 API 后端进程，PID=28856
[2026-05-12 16:36:39] API 后端进程已关闭。
[2026-05-12 16:36:39] ========== ArcFace 系统退出 ==========
[2026-05-12 16:38:27] ========== ArcFace 系统启动 ==========
[2026-05-12 16:38:27] 正在启动 API 后端...
[2026-05-12 16:38:27] API 后端进程已启动，PID=23508
[2026-05-12 16:38:27] 后端日志文件：D:\desktop_D\arcface\api_logs\backend.log
[2026-05-12 16:38:30] API 后端启动成功。
[2026-05-12 16:38:30] 正在启动 Qt GUI...
[2026-05-12 16:47:49] 正在关闭 API 后端进程，PID=23508
[2026-05-12 16:47:49] API 后端进程已关闭。
[2026-05-12 16:47:49] ========== ArcFace 系统退出 ==========
[2026-05-13 14:51:45] ========== ArcFace 系统启动 ==========
[2026-05-13 14:51:45] 正在启动 API 后端...
[2026-05-13 14:51:45] API 后端进程已启动，PID=23536
[2026-05-13 14:51:45] 后端日志文件：D:\desktop_D\arcface\api_logs\backend.log
[2026-05-13 14:51:52] API 后端启动成功。
[2026-05-13 14:51:52] 正在启动 Qt GUI...
[2026-05-13 15:47:55] 正在关闭 API 后端进程，PID=23536
[2026-05-13 15:47:55] API 后端进程已关闭。
[2026-05-13 15:47:55] ========== ArcFace 系统退出 ==========
[2026-05-16 23:48:58] ========== ArcFace 系统启动 ==========
[2026-05-16 23:48:58] 正在启动 API 后端...
[2026-05-16 23:48:58] API 后端进程已启动，PID=27568
[2026-05-16 23:48:58] 后端日志文件：D:\desktop_D\arcface\api_logs\backend.log
[2026-05-16 23:49:01] API 后端启动成功。
[2026-05-16 23:49:01] 正在启动 Qt GUI...
[2026-05-16 23:50:02] 正在关闭 API 后端进程，PID=27568
[2026-05-16 23:50:02] API 后端进程已关闭。
[2026-05-16 23:50:02] ========== ArcFace 系统退出 ==========
